<?xml version="1.0" encoding="UTF-8"?>
<!-- Generated by org.testng.reporters.JUnitReportReporter -->
<testsuite hostname="IMRAN" failures="0" tests="1" name="screenshots.ScreenShot" time="6.324" errors="0" timestamp="2021-09-27T17:55:21 BDT" skipped="0">
  <testcase classname="screenshots.ScreenShot" name="TakeScreenshot" time="6.324"/>
  <system-out/>
</testsuite> <!-- screenshots.ScreenShot -->
